The target system is: Generic - 1 - arm-none-eabi
The host system is: Linux - 4.18.20-041820-generic - x86_64
Compiling the C compiler identification source file "CMakeCCompilerId.c" succeeded.
Compiler: /opt/toolchains/gcc-arm-none-eabi-7-2017-q4-major/bin/arm-none-eabi-gcc 
Build flags: -mthumb;-mcpu=cortex-m3;-mlittle-endian;-mthumb-interwork;;-lm;-lc;-lnosys;--specs=nosys.specs;
Id flags:  

The output was:
0


Compilation of the C compiler identification source "CMakeCCompilerId.c" produced "a.out"

The C compiler identification is GNU, found in "/rnd/bitbucket/linux-stm32-spi-i2c/stm32-i2c-spi/build-stm32/CMakeFiles/3.10.2/CompilerIdC/a.out"

Compiling the CXX compiler identification source file "CMakeCXXCompilerId.cpp" succeeded.
Compiler: /opt/toolchains/gcc-arm-none-eabi-7-2017-q4-major/bin/arm-none-eabi-g++ 
Build flags: -mthumb;-mcpu=cortex-m3;-mlittle-endian;-mthumb-interwork;;-lm;-lc;-lnosys;--specs=nosys.specs;
Id flags:  

The output was:
0


Compilation of the CXX compiler identification source "CMakeCXXCompilerId.cpp" produced "a.out"

The CXX compiler identification is GNU, found in "/rnd/bitbucket/linux-stm32-spi-i2c/stm32-i2c-spi/build-stm32/CMakeFiles/3.10.2/CompilerIdCXX/a.out"

Determining if the C compiler works passed with the following output:
Change Dir: /rnd/bitbucket/linux-stm32-spi-i2c/stm32-i2c-spi/build-stm32/CMakeFiles/CMakeTmp

Run Build Command:"/usr/bin/make" "cmTC_4995e/fast"
/usr/bin/make -f CMakeFiles/cmTC_4995e.dir/build.make CMakeFiles/cmTC_4995e.dir/build
make[1]: Entering directory '/rnd/bitbucket/linux-stm32-spi-i2c/stm32-i2c-spi/build-stm32/CMakeFiles/CMakeTmp'
Building C object CMakeFiles/cmTC_4995e.dir/testCCompiler.c.obj
/opt/toolchains/gcc-arm-none-eabi-7-2017-q4-major/bin/arm-none-eabi-gcc   -mthumb -mcpu=cortex-m3 -mlittle-endian -mthumb-interwork  -lm -lc -lnosys --specs=nosys.specs     -o CMakeFiles/cmTC_4995e.dir/testCCompiler.c.obj   -c /rnd/bitbucket/linux-stm32-spi-i2c/stm32-i2c-spi/build-stm32/CMakeFiles/CMakeTmp/testCCompiler.c
Linking C executable cmTC_4995e
/usr/bin/cmake -E cmake_link_script CMakeFiles/cmTC_4995e.dir/link.txt --verbose=1
/opt/toolchains/gcc-arm-none-eabi-7-2017-q4-major/bin/arm-none-eabi-gcc -mthumb -mcpu=cortex-m3 -mlittle-endian -mthumb-interwork  -lm -lc -lnosys --specs=nosys.specs    -mthumb -mcpu=cortex-m3 -mlittle-endian -mthumb-interwork  -Wl,-Map=linker.map -Wl,-cref -Wl,--gc-sections  CMakeFiles/cmTC_4995e.dir/testCCompiler.c.obj  -o cmTC_4995e 
make[1]: Leaving directory '/rnd/bitbucket/linux-stm32-spi-i2c/stm32-i2c-spi/build-stm32/CMakeFiles/CMakeTmp'


Detecting C compiler ABI info compiled with the following output:
Change Dir: /rnd/bitbucket/linux-stm32-spi-i2c/stm32-i2c-spi/build-stm32/CMakeFiles/CMakeTmp

Run Build Command:"/usr/bin/make" "cmTC_ac9f8/fast"
/usr/bin/make -f CMakeFiles/cmTC_ac9f8.dir/build.make CMakeFiles/cmTC_ac9f8.dir/build
make[1]: Entering directory '/rnd/bitbucket/linux-stm32-spi-i2c/stm32-i2c-spi/build-stm32/CMakeFiles/CMakeTmp'
Building C object CMakeFiles/cmTC_ac9f8.dir/CMakeCCompilerABI.c.obj
/opt/toolchains/gcc-arm-none-eabi-7-2017-q4-major/bin/arm-none-eabi-gcc   -mthumb -mcpu=cortex-m3 -mlittle-endian -mthumb-interwork  -lm -lc -lnosys --specs=nosys.specs     -o CMakeFiles/cmTC_ac9f8.dir/CMakeCCompilerABI.c.obj   -c /usr/share/cmake-3.10/Modules/CMakeCCompilerABI.c
Linking C executable cmTC_ac9f8
/usr/bin/cmake -E cmake_link_script CMakeFiles/cmTC_ac9f8.dir/link.txt --verbose=1
/opt/toolchains/gcc-arm-none-eabi-7-2017-q4-major/bin/arm-none-eabi-gcc -mthumb -mcpu=cortex-m3 -mlittle-endian -mthumb-interwork  -lm -lc -lnosys --specs=nosys.specs    -mthumb -mcpu=cortex-m3 -mlittle-endian -mthumb-interwork  -Wl,-Map=linker.map -Wl,-cref -Wl,--gc-sections -v CMakeFiles/cmTC_ac9f8.dir/CMakeCCompilerABI.c.obj  -o cmTC_ac9f8 
Using built-in specs.
Reading specs from /opt/toolchains/gcc-arm-none-eabi-7-2017-q4-major/bin/../lib/gcc/arm-none-eabi/7.2.1/../../../../arm-none-eabi/lib/nosys.specs
rename spec link_gcc_c_sequence to nosys_link_gcc_c_sequence
COLLECT_GCC=/opt/toolchains/gcc-arm-none-eabi-7-2017-q4-major/bin/arm-none-eabi-gcc
COLLECT_LTO_WRAPPER=/opt/toolchains/gcc-arm-none-eabi-7-2017-q4-major/bin/../lib/gcc/arm-none-eabi/7.2.1/lto-wrapper
Target: arm-none-eabi
Configured with: /tmp/jenkins/jenkins-GCC-7-build_toolchain_docker-633_20171130_1512067137/src/gcc/configure --target=arm-none-eabi --prefix=/tmp/jenkins/jenkins-GCC-7-build_toolchain_docker-633_20171130_1512067137/install-native --libexecdir=/tmp/jenkins/jenkins-GCC-7-build_toolchain_docker-633_20171130_1512067137/install-native/lib --infodir=/tmp/jenkins/jenkins-GCC-7-build_toolchain_docker-633_20171130_1512067137/install-native/share/doc/gcc-arm-none-eabi/info --mandir=/tmp/jenkins/jenkins-GCC-7-build_toolchain_docker-633_20171130_1512067137/install-native/share/doc/gcc-arm-none-eabi/man --htmldir=/tmp/jenkins/jenkins-GCC-7-build_toolchain_docker-633_20171130_1512067137/install-native/share/doc/gcc-arm-none-eabi/html --pdfdir=/tmp/jenkins/jenkins-GCC-7-build_toolchain_docker-633_20171130_1512067137/install-native/share/doc/gcc-arm-none-eabi/pdf --enable-languages=c,c++ --enable-plugins --disable-decimal-float --disable-libffi --disable-libgomp --disable-libmudflap --disable-libquadmath --disable-libssp --disable-libstdcxx-pch --disable-nls --disable-shared --disable-threads --disable-tls --with-gnu-as --with-gnu-ld --with-newlib --with-headers=yes --with-python-dir=share/gcc-arm-none-eabi --with-sysroot=/tmp/jenkins/jenkins-GCC-7-build_toolchain_docker-633_20171130_1512067137/install-native/arm-none-eabi --build=x86_64-linux-gnu --host=x86_64-linux-gnu --with-gmp=/tmp/jenkins/jenkins-GCC-7-build_toolchain_docker-633_20171130_1512067137/build-native/host-libs/usr --with-mpfr=/tmp/jenkins/jenkins-GCC-7-build_toolchain_docker-633_20171130_1512067137/build-native/host-libs/usr --with-mpc=/tmp/jenkins/jenkins-GCC-7-build_toolchain_docker-633_20171130_1512067137/build-native/host-libs/usr --with-isl=/tmp/jenkins/jenkins-GCC-7-build_toolchain_docker-633_20171130_1512067137/build-native/host-libs/usr --with-libelf=/tmp/jenkins/jenkins-GCC-7-build_toolchain_docker-633_20171130_1512067137/build-native/host-libs/usr --with-host-libstdcxx='-static-libgcc -Wl,-Bstatic,-lstdc++,-Bdynamic -lm' --with-pkgversion='GNU Tools for Arm Embedded Processors 7-2017-q4-major' --with-multilib-list=rmprofile
Thread model: single
gcc version 7.2.1 20170904 (release) [ARM/embedded-7-branch revision 255204] (GNU Tools for Arm Embedded Processors 7-2017-q4-major) 
COMPILER_PATH=/opt/toolchains/gcc-arm-none-eabi-7-2017-q4-major/bin/../lib/gcc/arm-none-eabi/7.2.1/:/opt/toolchains/gcc-arm-none-eabi-7-2017-q4-major/bin/../lib/gcc/:/opt/toolchains/gcc-arm-none-eabi-7-2017-q4-major/bin/../lib/gcc/arm-none-eabi/7.2.1/../../../../arm-none-eabi/bin/
LIBRARY_PATH=/opt/toolchains/gcc-arm-none-eabi-7-2017-q4-major/bin/../lib/gcc/arm-none-eabi/7.2.1/thumb/v7-m/:/opt/toolchains/gcc-arm-none-eabi-7-2017-q4-major/bin/../lib/gcc/arm-none-eabi/7.2.1/../../../../arm-none-eabi/lib/thumb/v7-m/:/opt/toolchains/gcc-arm-none-eabi-7-2017-q4-major/bin/../arm-none-eabi/lib/thumb/v7-m/:/opt/toolchains/gcc-arm-none-eabi-7-2017-q4-major/bin/../lib/gcc/arm-none-eabi/7.2.1/:/opt/toolchains/gcc-arm-none-eabi-7-2017-q4-major/bin/../lib/gcc/:/opt/toolchains/gcc-arm-none-eabi-7-2017-q4-major/bin/../lib/gcc/arm-none-eabi/7.2.1/../../../../arm-none-eabi/lib/:/opt/toolchains/gcc-arm-none-eabi-7-2017-q4-major/bin/../arm-none-eabi/lib/
COLLECT_GCC_OPTIONS='-mthumb' '-mcpu=cortex-m3' '-mlittle-endian' '-specs=nosys.specs' '-mthumb' '-mcpu=cortex-m3' '-mlittle-endian' '-mthumb-interwork' '-v' '-o' 'cmTC_ac9f8'
 /opt/toolchains/gcc-arm-none-eabi-7-2017-q4-major/bin/../lib/gcc/arm-none-eabi/7.2.1/collect2 -plugin /opt/toolchains/gcc-arm-none-eabi-7-2017-q4-major/bin/../lib/gcc/arm-none-eabi/7.2.1/liblto_plugin.so -plugin-opt=/opt/toolchains/gcc-arm-none-eabi-7-2017-q4-major/bin/../lib/gcc/arm-none-eabi/7.2.1/lto-wrapper -plugin-opt=-fresolution=/tmp/ccb0rPgp.res -plugin-opt=-pass-through=-lgcc -plugin-opt=-pass-through=-lc -plugin-opt=-pass-through=-lgcc -plugin-opt=-pass-through=-lc -plugin-opt=-pass-through=-lnosys --sysroot=/opt/toolchains/gcc-arm-none-eabi-7-2017-q4-major/bin/../arm-none-eabi -EL -X -o cmTC_ac9f8 /opt/toolchains/gcc-arm-none-eabi-7-2017-q4-major/bin/../lib/gcc/arm-none-eabi/7.2.1/thumb/v7-m/crti.o /opt/toolchains/gcc-arm-none-eabi-7-2017-q4-major/bin/../lib/gcc/arm-none-eabi/7.2.1/thumb/v7-m/crtbegin.o /opt/toolchains/gcc-arm-none-eabi-7-2017-q4-major/bin/../lib/gcc/arm-none-eabi/7.2.1/../../../../arm-none-eabi/lib/thumb/v7-m/crt0.o -L/opt/toolchains/gcc-arm-none-eabi-7-2017-q4-major/bin/../lib/gcc/arm-none-eabi/7.2.1/thumb/v7-m -L/opt/toolchains/gcc-arm-none-eabi-7-2017-q4-major/bin/../lib/gcc/arm-none-eabi/7.2.1/../../../../arm-none-eabi/lib/thumb/v7-m -L/opt/toolchains/gcc-arm-none-eabi-7-2017-q4-major/bin/../arm-none-eabi/lib/thumb/v7-m -L/opt/toolchains/gcc-arm-none-eabi-7-2017-q4-major/bin/../lib/gcc/arm-none-eabi/7.2.1 -L/opt/toolchains/gcc-arm-none-eabi-7-2017-q4-major/bin/../lib/gcc -L/opt/toolchains/gcc-arm-none-eabi-7-2017-q4-major/bin/../lib/gcc/arm-none-eabi/7.2.1/../../../../arm-none-eabi/lib -L/opt/toolchains/gcc-arm-none-eabi-7-2017-q4-major/bin/../arm-none-eabi/lib -lm -lc -lnosys -Map=linker.map -cref --gc-sections CMakeFiles/cmTC_ac9f8.dir/CMakeCCompilerABI.c.obj --start-group -lgcc -lc --end-group --start-group -lgcc -lc -lnosys --end-group /opt/toolchains/gcc-arm-none-eabi-7-2017-q4-major/bin/../lib/gcc/arm-none-eabi/7.2.1/thumb/v7-m/crtend.o /opt/toolchains/gcc-arm-none-eabi-7-2017-q4-major/bin/../lib/gcc/arm-none-eabi/7.2.1/thumb/v7-m/crtn.o
COLLECT_GCC_OPTIONS='-mthumb' '-mcpu=cortex-m3' '-mlittle-endian' '-specs=nosys.specs' '-mthumb' '-mcpu=cortex-m3' '-mlittle-endian' '-mthumb-interwork' '-v' '-o' 'cmTC_ac9f8'
make[1]: Leaving directory '/rnd/bitbucket/linux-stm32-spi-i2c/stm32-i2c-spi/build-stm32/CMakeFiles/CMakeTmp'


Parsed C implicit link information from above output:
  link line regex: [^( *|.*[/\])(arm-none-eabi-ld|CMAKE_LINK_STARTFILE-NOTFOUND|([^/\]+-)?ld|collect2)[^/\]*( |$)]
  ignore line: [Change Dir: /rnd/bitbucket/linux-stm32-spi-i2c/stm32-i2c-spi/build-stm32/CMakeFiles/CMakeTmp]
  ignore line: []
  ignore line: [Run Build Command:"/usr/bin/make" "cmTC_ac9f8/fast"]
  ignore line: [/usr/bin/make -f CMakeFiles/cmTC_ac9f8.dir/build.make CMakeFiles/cmTC_ac9f8.dir/build]
  ignore line: [make[1]: Entering directory '/rnd/bitbucket/linux-stm32-spi-i2c/stm32-i2c-spi/build-stm32/CMakeFiles/CMakeTmp']
  ignore line: [Building C object CMakeFiles/cmTC_ac9f8.dir/CMakeCCompilerABI.c.obj]
  ignore line: [/opt/toolchains/gcc-arm-none-eabi-7-2017-q4-major/bin/arm-none-eabi-gcc   -mthumb -mcpu=cortex-m3 -mlittle-endian -mthumb-interwork  -lm -lc -lnosys --specs=nosys.specs     -o CMakeFiles/cmTC_ac9f8.dir/CMakeCCompilerABI.c.obj   -c /usr/share/cmake-3.10/Modules/CMakeCCompilerABI.c]
  ignore line: [Linking C executable cmTC_ac9f8]
  ignore line: [/usr/bin/cmake -E cmake_link_script CMakeFiles/cmTC_ac9f8.dir/link.txt --verbose=1]
  ignore line: [/opt/toolchains/gcc-arm-none-eabi-7-2017-q4-major/bin/arm-none-eabi-gcc -mthumb -mcpu=cortex-m3 -mlittle-endian -mthumb-interwork  -lm -lc -lnosys --specs=nosys.specs    -mthumb -mcpu=cortex-m3 -mlittle-endian -mthumb-interwork  -Wl,-Map=linker.map -Wl,-cref -Wl,--gc-sections -v CMakeFiles/cmTC_ac9f8.dir/CMakeCCompilerABI.c.obj  -o cmTC_ac9f8 ]
  ignore line: [Using built-in specs.]
  ignore line: [Reading specs from /opt/toolchains/gcc-arm-none-eabi-7-2017-q4-major/bin/../lib/gcc/arm-none-eabi/7.2.1/../../../../arm-none-eabi/lib/nosys.specs]
  ignore line: [rename spec link_gcc_c_sequence to nosys_link_gcc_c_sequence]
  ignore line: [COLLECT_GCC=/opt/toolchains/gcc-arm-none-eabi-7-2017-q4-major/bin/arm-none-eabi-gcc]
  ignore line: [COLLECT_LTO_WRAPPER=/opt/toolchains/gcc-arm-none-eabi-7-2017-q4-major/bin/../lib/gcc/arm-none-eabi/7.2.1/lto-wrapper]
  ignore line: [Target: arm-none-eabi]
  ignore line: [Configured with: /tmp/jenkins/jenkins-GCC-7-build_toolchain_docker-633_20171130_1512067137/src/gcc/configure --target=arm-none-eabi --prefix=/tmp/jenkins/jenkins-GCC-7-build_toolchain_docker-633_20171130_1512067137/install-native --libexecdir=/tmp/jenkins/jenkins-GCC-7-build_toolchain_docker-633_20171130_1512067137/install-native/lib --infodir=/tmp/jenkins/jenkins-GCC-7-build_toolchain_docker-633_20171130_1512067137/install-native/share/doc/gcc-arm-none-eabi/info --mandir=/tmp/jenkins/jenkins-GCC-7-build_toolchain_docker-633_20171130_1512067137/install-native/share/doc/gcc-arm-none-eabi/man --htmldir=/tmp/jenkins/jenkins-GCC-7-build_toolchain_docker-633_20171130_1512067137/install-native/share/doc/gcc-arm-none-eabi/html --pdfdir=/tmp/jenkins/jenkins-GCC-7-build_toolchain_docker-633_20171130_1512067137/install-native/share/doc/gcc-arm-none-eabi/pdf --enable-languages=c,c++ --enable-plugins --disable-decimal-float --disable-libffi --disable-libgomp --disable-libmudflap --disable-libquadmath --disable-libssp --disable-libstdcxx-pch --disable-nls --disable-shared --disable-threads --disable-tls --with-gnu-as --with-gnu-ld --with-newlib --with-headers=yes --with-python-dir=share/gcc-arm-none-eabi --with-sysroot=/tmp/jenkins/jenkins-GCC-7-build_toolchain_docker-633_20171130_1512067137/install-native/arm-none-eabi --build=x86_64-linux-gnu --host=x86_64-linux-gnu --with-gmp=/tmp/jenkins/jenkins-GCC-7-build_toolchain_docker-633_20171130_1512067137/build-native/host-libs/usr --with-mpfr=/tmp/jenkins/jenkins-GCC-7-build_toolchain_docker-633_20171130_1512067137/build-native/host-libs/usr --with-mpc=/tmp/jenkins/jenkins-GCC-7-build_toolchain_docker-633_20171130_1512067137/build-native/host-libs/usr --with-isl=/tmp/jenkins/jenkins-GCC-7-build_toolchain_docker-633_20171130_1512067137/build-native/host-libs/usr --with-libelf=/tmp/jenkins/jenkins-GCC-7-build_toolchain_docker-633_20171130_1512067137/build-native/host-libs/usr --with-host-libstdcxx='-static-libgcc -Wl,-Bstatic,-lstdc++,-Bdynamic -lm' --with-pkgversion='GNU Tools for Arm Embedded Processors 7-2017-q4-major' --with-multilib-list=rmprofile]
  ignore line: [Thread model: single]
  ignore line: [gcc version 7.2.1 20170904 (release) [ARM/embedded-7-branch revision 255204] (GNU Tools for Arm Embedded Processors 7-2017-q4-major) ]
  ignore line: [COMPILER_PATH=/opt/toolchains/gcc-arm-none-eabi-7-2017-q4-major/bin/../lib/gcc/arm-none-eabi/7.2.1/:/opt/toolchains/gcc-arm-none-eabi-7-2017-q4-major/bin/../lib/gcc/:/opt/toolchains/gcc-arm-none-eabi-7-2017-q4-major/bin/../lib/gcc/arm-none-eabi/7.2.1/../../../../arm-none-eabi/bin/]
  ignore line: [LIBRARY_PATH=/opt/toolchains/gcc-arm-none-eabi-7-2017-q4-major/bin/../lib/gcc/arm-none-eabi/7.2.1/thumb/v7-m/:/opt/toolchains/gcc-arm-none-eabi-7-2017-q4-major/bin/../lib/gcc/arm-none-eabi/7.2.1/../../../../arm-none-eabi/lib/thumb/v7-m/:/opt/toolchains/gcc-arm-none-eabi-7-2017-q4-major/bin/../arm-none-eabi/lib/thumb/v7-m/:/opt/toolchains/gcc-arm-none-eabi-7-2017-q4-major/bin/../lib/gcc/arm-none-eabi/7.2.1/:/opt/toolchains/gcc-arm-none-eabi-7-2017-q4-major/bin/../lib/gcc/:/opt/toolchains/gcc-arm-none-eabi-7-2017-q4-major/bin/../lib/gcc/arm-none-eabi/7.2.1/../../../../arm-none-eabi/lib/:/opt/toolchains/gcc-arm-none-eabi-7-2017-q4-major/bin/../arm-none-eabi/lib/]
  ignore line: [COLLECT_GCC_OPTIONS='-mthumb' '-mcpu=cortex-m3' '-mlittle-endian' '-specs=nosys.specs' '-mthumb' '-mcpu=cortex-m3' '-mlittle-endian' '-mthumb-interwork' '-v' '-o' 'cmTC_ac9f8']
  link line: [ /opt/toolchains/gcc-arm-none-eabi-7-2017-q4-major/bin/../lib/gcc/arm-none-eabi/7.2.1/collect2 -plugin /opt/toolchains/gcc-arm-none-eabi-7-2017-q4-major/bin/../lib/gcc/arm-none-eabi/7.2.1/liblto_plugin.so -plugin-opt=/opt/toolchains/gcc-arm-none-eabi-7-2017-q4-major/bin/../lib/gcc/arm-none-eabi/7.2.1/lto-wrapper -plugin-opt=-fresolution=/tmp/ccb0rPgp.res -plugin-opt=-pass-through=-lgcc -plugin-opt=-pass-through=-lc -plugin-opt=-pass-through=-lgcc -plugin-opt=-pass-through=-lc -plugin-opt=-pass-through=-lnosys --sysroot=/opt/toolchains/gcc-arm-none-eabi-7-2017-q4-major/bin/../arm-none-eabi -EL -X -o cmTC_ac9f8 /opt/toolchains/gcc-arm-none-eabi-7-2017-q4-major/bin/../lib/gcc/arm-none-eabi/7.2.1/thumb/v7-m/crti.o /opt/toolchains/gcc-arm-none-eabi-7-2017-q4-major/bin/../lib/gcc/arm-none-eabi/7.2.1/thumb/v7-m/crtbegin.o /opt/toolchains/gcc-arm-none-eabi-7-2017-q4-major/bin/../lib/gcc/arm-none-eabi/7.2.1/../../../../arm-none-eabi/lib/thumb/v7-m/crt0.o -L/opt/toolchains/gcc-arm-none-eabi-7-2017-q4-major/bin/../lib/gcc/arm-none-eabi/7.2.1/thumb/v7-m -L/opt/toolchains/gcc-arm-none-eabi-7-2017-q4-major/bin/../lib/gcc/arm-none-eabi/7.2.1/../../../../arm-none-eabi/lib/thumb/v7-m -L/opt/toolchains/gcc-arm-none-eabi-7-2017-q4-major/bin/../arm-none-eabi/lib/thumb/v7-m -L/opt/toolchains/gcc-arm-none-eabi-7-2017-q4-major/bin/../lib/gcc/arm-none-eabi/7.2.1 -L/opt/toolchains/gcc-arm-none-eabi-7-2017-q4-major/bin/../lib/gcc -L/opt/toolchains/gcc-arm-none-eabi-7-2017-q4-major/bin/../lib/gcc/arm-none-eabi/7.2.1/../../../../arm-none-eabi/lib -L/opt/toolchains/gcc-arm-none-eabi-7-2017-q4-major/bin/../arm-none-eabi/lib -lm -lc -lnosys -Map=linker.map -cref --gc-sections CMakeFiles/cmTC_ac9f8.dir/CMakeCCompilerABI.c.obj --start-group -lgcc -lc --end-group --start-group -lgcc -lc -lnosys --end-group /opt/toolchains/gcc-arm-none-eabi-7-2017-q4-major/bin/../lib/gcc/arm-none-eabi/7.2.1/thumb/v7-m/crtend.o /opt/toolchains/gcc-arm-none-eabi-7-2017-q4-major/bin/../lib/gcc/arm-none-eabi/7.2.1/thumb/v7-m/crtn.o]
    arg [/opt/toolchains/gcc-arm-none-eabi-7-2017-q4-major/bin/../lib/gcc/arm-none-eabi/7.2.1/collect2] ==> ignore
    arg [-plugin] ==> ignore
    arg [/opt/toolchains/gcc-arm-none-eabi-7-2017-q4-major/bin/../lib/gcc/arm-none-eabi/7.2.1/liblto_plugin.so] ==> ignore
    arg [-plugin-opt=/opt/toolchains/gcc-arm-none-eabi-7-2017-q4-major/bin/../lib/gcc/arm-none-eabi/7.2.1/lto-wrapper] ==> ignore
    arg [-plugin-opt=-fresolution=/tmp/ccb0rPgp.res] ==> ignore
    arg [-plugin-opt=-pass-through=-lgcc] ==> ignore
    arg [-plugin-opt=-pass-through=-lc] ==> ignore
    arg [-plugin-opt=-pass-through=-lgcc] ==> ignore
    arg [-plugin-opt=-pass-through=-lc] ==> ignore
    arg [-plugin-opt=-pass-through=-lnosys] ==> ignore
    arg [--sysroot=/opt/toolchains/gcc-arm-none-eabi-7-2017-q4-major/bin/../arm-none-eabi] ==> ignore
    arg [-EL] ==> ignore
    arg [-X] ==> ignore
    arg [-o] ==> ignore
    arg [cmTC_ac9f8] ==> ignore
    arg [/opt/toolchains/gcc-arm-none-eabi-7-2017-q4-major/bin/../lib/gcc/arm-none-eabi/7.2.1/thumb/v7-m/crti.o] ==> ignore
    arg [/opt/toolchains/gcc-arm-none-eabi-7-2017-q4-major/bin/../lib/gcc/arm-none-eabi/7.2.1/thumb/v7-m/crtbegin.o] ==> ignore
    arg [/opt/toolchains/gcc-arm-none-eabi-7-2017-q4-major/bin/../lib/gcc/arm-none-eabi/7.2.1/../../../../arm-none-eabi/lib/thumb/v7-m/crt0.o] ==> ignore
    arg [-L/opt/toolchains/gcc-arm-none-eabi-7-2017-q4-major/bin/../lib/gcc/arm-none-eabi/7.2.1/thumb/v7-m] ==> dir [/opt/toolchains/gcc-arm-none-eabi-7-2017-q4-major/bin/../lib/gcc/arm-none-eabi/7.2.1/thumb/v7-m]
    arg [-L/opt/toolchains/gcc-arm-none-eabi-7-2017-q4-major/bin/../lib/gcc/arm-none-eabi/7.2.1/../../../../arm-none-eabi/lib/thumb/v7-m] ==> dir [/opt/toolchains/gcc-arm-none-eabi-7-2017-q4-major/bin/../lib/gcc/arm-none-eabi/7.2.1/../../../../arm-none-eabi/lib/thumb/v7-m]
    arg [-L/opt/toolchains/gcc-arm-none-eabi-7-2017-q4-major/bin/../arm-none-eabi/lib/thumb/v7-m] ==> dir [/opt/toolchains/gcc-arm-none-eabi-7-2017-q4-major/bin/../arm-none-eabi/lib/thumb/v7-m]
    arg [-L/opt/toolchains/gcc-arm-none-eabi-7-2017-q4-major/bin/../lib/gcc/arm-none-eabi/7.2.1] ==> dir [/opt/toolchains/gcc-arm-none-eabi-7-2017-q4-major/bin/../lib/gcc/arm-none-eabi/7.2.1]
    arg [-L/opt/toolchains/gcc-arm-none-eabi-7-2017-q4-major/bin/../lib/gcc] ==> dir [/opt/toolchains/gcc-arm-none-eabi-7-2017-q4-major/bin/../lib/gcc]
    arg [-L/opt/toolchains/gcc-arm-none-eabi-7-2017-q4-major/bin/../lib/gcc/arm-none-eabi/7.2.1/../../../../arm-none-eabi/lib] ==> dir [/opt/toolchains/gcc-arm-none-eabi-7-2017-q4-major/bin/../lib/gcc/arm-none-eabi/7.2.1/../../../../arm-none-eabi/lib]
    arg [-L/opt/toolchains/gcc-arm-none-eabi-7-2017-q4-major/bin/../arm-none-eabi/lib] ==> dir [/opt/toolchains/gcc-arm-none-eabi-7-2017-q4-major/bin/../arm-none-eabi/lib]
    arg [-lm] ==> lib [m]
    arg [-lc] ==> lib [c]
    arg [-lnosys] ==> lib [nosys]
    arg [-Map=linker.map] ==> ignore
    arg [-cref] ==> ignore
    arg [--gc-sections] ==> ignore
    arg [CMakeFiles/cmTC_ac9f8.dir/CMakeCCompilerABI.c.obj] ==> ignore
    arg [--start-group] ==> ignore
    arg [-lgcc] ==> lib [gcc]
    arg [-lc] ==> lib [c]
    arg [--end-group] ==> ignore
    arg [--start-group] ==> ignore
    arg [-lgcc] ==> lib [gcc]
    arg [-lc] ==> lib [c]
    arg [-lnosys] ==> lib [nosys]
    arg [--end-group] ==> ignore
    arg [/opt/toolchains/gcc-arm-none-eabi-7-2017-q4-major/bin/../lib/gcc/arm-none-eabi/7.2.1/thumb/v7-m/crtend.o] ==> ignore
    arg [/opt/toolchains/gcc-arm-none-eabi-7-2017-q4-major/bin/../lib/gcc/arm-none-eabi/7.2.1/thumb/v7-m/crtn.o] ==> ignore
  collapse library dir [/opt/toolchains/gcc-arm-none-eabi-7-2017-q4-major/bin/../lib/gcc/arm-none-eabi/7.2.1/thumb/v7-m] ==> [/opt/toolchains/gcc-arm-none-eabi-7-2017-q4-major/lib/gcc/arm-none-eabi/7.2.1/thumb/v7-m]
  collapse library dir [/opt/toolchains/gcc-arm-none-eabi-7-2017-q4-major/bin/../lib/gcc/arm-none-eabi/7.2.1/../../../../arm-none-eabi/lib/thumb/v7-m] ==> [/opt/toolchains/gcc-arm-none-eabi-7-2017-q4-major/arm-none-eabi/lib/thumb/v7-m]
  collapse library dir [/opt/toolchains/gcc-arm-none-eabi-7-2017-q4-major/bin/../arm-none-eabi/lib/thumb/v7-m] ==> [/opt/toolchains/gcc-arm-none-eabi-7-2017-q4-major/arm-none-eabi/lib/thumb/v7-m]
  collapse library dir [/opt/toolchains/gcc-arm-none-eabi-7-2017-q4-major/bin/../lib/gcc/arm-none-eabi/7.2.1] ==> [/opt/toolchains/gcc-arm-none-eabi-7-2017-q4-major/lib/gcc/arm-none-eabi/7.2.1]
  collapse library dir [/opt/toolchains/gcc-arm-none-eabi-7-2017-q4-major/bin/../lib/gcc] ==> [/opt/toolchains/gcc-arm-none-eabi-7-2017-q4-major/lib/gcc]
  collapse library dir [/opt/toolchains/gcc-arm-none-eabi-7-2017-q4-major/bin/../lib/gcc/arm-none-eabi/7.2.1/../../../../arm-none-eabi/lib] ==> [/opt/toolchains/gcc-arm-none-eabi-7-2017-q4-major/arm-none-eabi/lib]
  collapse library dir [/opt/toolchains/gcc-arm-none-eabi-7-2017-q4-major/bin/../arm-none-eabi/lib] ==> [/opt/toolchains/gcc-arm-none-eabi-7-2017-q4-major/arm-none-eabi/lib]
  implicit libs: [m;c;nosys;gcc;c;gcc;c;nosys]
  implicit dirs: [/opt/toolchains/gcc-arm-none-eabi-7-2017-q4-major/lib/gcc/arm-none-eabi/7.2.1/thumb/v7-m;/opt/toolchains/gcc-arm-none-eabi-7-2017-q4-major/arm-none-eabi/lib/thumb/v7-m;/opt/toolchains/gcc-arm-none-eabi-7-2017-q4-major/lib/gcc/arm-none-eabi/7.2.1;/opt/toolchains/gcc-arm-none-eabi-7-2017-q4-major/lib/gcc;/opt/toolchains/gcc-arm-none-eabi-7-2017-q4-major/arm-none-eabi/lib]
  implicit fwks: []




Detecting C [-std=c11] compiler features compiled with the following output:
Change Dir: /rnd/bitbucket/linux-stm32-spi-i2c/stm32-i2c-spi/build-stm32/CMakeFiles/CMakeTmp

Run Build Command:"/usr/bin/make" "cmTC_33e2d/fast"
/usr/bin/make -f CMakeFiles/cmTC_33e2d.dir/build.make CMakeFiles/cmTC_33e2d.dir/build
make[1]: Entering directory '/rnd/bitbucket/linux-stm32-spi-i2c/stm32-i2c-spi/build-stm32/CMakeFiles/CMakeTmp'
Building C object CMakeFiles/cmTC_33e2d.dir/feature_tests.c.obj
/opt/toolchains/gcc-arm-none-eabi-7-2017-q4-major/bin/arm-none-eabi-gcc   -mthumb -mcpu=cortex-m3 -mlittle-endian -mthumb-interwork  -lm -lc -lnosys --specs=nosys.specs     -std=c11 -o CMakeFiles/cmTC_33e2d.dir/feature_tests.c.obj   -c /rnd/bitbucket/linux-stm32-spi-i2c/stm32-i2c-spi/build-stm32/CMakeFiles/feature_tests.c
Linking C executable cmTC_33e2d
/usr/bin/cmake -E cmake_link_script CMakeFiles/cmTC_33e2d.dir/link.txt --verbose=1
/opt/toolchains/gcc-arm-none-eabi-7-2017-q4-major/bin/arm-none-eabi-gcc -mthumb -mcpu=cortex-m3 -mlittle-endian -mthumb-interwork  -lm -lc -lnosys --specs=nosys.specs    -mthumb -mcpu=cortex-m3 -mlittle-endian -mthumb-interwork  -Wl,-Map=linker.map -Wl,-cref -Wl,--gc-sections  CMakeFiles/cmTC_33e2d.dir/feature_tests.c.obj  -o cmTC_33e2d 
make[1]: Leaving directory '/rnd/bitbucket/linux-stm32-spi-i2c/stm32-i2c-spi/build-stm32/CMakeFiles/CMakeTmp'


    Feature record: C_FEATURE:1c_function_prototypes
    Feature record: C_FEATURE:1c_restrict
    Feature record: C_FEATURE:1c_static_assert
    Feature record: C_FEATURE:1c_variadic_macros


Detecting C [-std=c99] compiler features compiled with the following output:
Change Dir: /rnd/bitbucket/linux-stm32-spi-i2c/stm32-i2c-spi/build-stm32/CMakeFiles/CMakeTmp

Run Build Command:"/usr/bin/make" "cmTC_a4b6a/fast"
/usr/bin/make -f CMakeFiles/cmTC_a4b6a.dir/build.make CMakeFiles/cmTC_a4b6a.dir/build
make[1]: Entering directory '/rnd/bitbucket/linux-stm32-spi-i2c/stm32-i2c-spi/build-stm32/CMakeFiles/CMakeTmp'
Building C object CMakeFiles/cmTC_a4b6a.dir/feature_tests.c.obj
/opt/toolchains/gcc-arm-none-eabi-7-2017-q4-major/bin/arm-none-eabi-gcc   -mthumb -mcpu=cortex-m3 -mlittle-endian -mthumb-interwork  -lm -lc -lnosys --specs=nosys.specs     -std=c99 -o CMakeFiles/cmTC_a4b6a.dir/feature_tests.c.obj   -c /rnd/bitbucket/linux-stm32-spi-i2c/stm32-i2c-spi/build-stm32/CMakeFiles/feature_tests.c
Linking C executable cmTC_a4b6a
/usr/bin/cmake -E cmake_link_script CMakeFiles/cmTC_a4b6a.dir/link.txt --verbose=1
/opt/toolchains/gcc-arm-none-eabi-7-2017-q4-major/bin/arm-none-eabi-gcc -mthumb -mcpu=cortex-m3 -mlittle-endian -mthumb-interwork  -lm -lc -lnosys --specs=nosys.specs    -mthumb -mcpu=cortex-m3 -mlittle-endian -mthumb-interwork  -Wl,-Map=linker.map -Wl,-cref -Wl,--gc-sections  CMakeFiles/cmTC_a4b6a.dir/feature_tests.c.obj  -o cmTC_a4b6a 
make[1]: Leaving directory '/rnd/bitbucket/linux-stm32-spi-i2c/stm32-i2c-spi/build-stm32/CMakeFiles/CMakeTmp'


    Feature record: C_FEATURE:1c_function_prototypes
    Feature record: C_FEATURE:1c_restrict
    Feature record: C_FEATURE:0c_static_assert
    Feature record: C_FEATURE:1c_variadic_macros


Detecting C [-std=c90] compiler features compiled with the following output:
Change Dir: /rnd/bitbucket/linux-stm32-spi-i2c/stm32-i2c-spi/build-stm32/CMakeFiles/CMakeTmp

Run Build Command:"/usr/bin/make" "cmTC_6bb4d/fast"
/usr/bin/make -f CMakeFiles/cmTC_6bb4d.dir/build.make CMakeFiles/cmTC_6bb4d.dir/build
make[1]: Entering directory '/rnd/bitbucket/linux-stm32-spi-i2c/stm32-i2c-spi/build-stm32/CMakeFiles/CMakeTmp'
Building C object CMakeFiles/cmTC_6bb4d.dir/feature_tests.c.obj
/opt/toolchains/gcc-arm-none-eabi-7-2017-q4-major/bin/arm-none-eabi-gcc   -mthumb -mcpu=cortex-m3 -mlittle-endian -mthumb-interwork  -lm -lc -lnosys --specs=nosys.specs     -std=c90 -o CMakeFiles/cmTC_6bb4d.dir/feature_tests.c.obj   -c /rnd/bitbucket/linux-stm32-spi-i2c/stm32-i2c-spi/build-stm32/CMakeFiles/feature_tests.c
Linking C executable cmTC_6bb4d
/usr/bin/cmake -E cmake_link_script CMakeFiles/cmTC_6bb4d.dir/link.txt --verbose=1
/opt/toolchains/gcc-arm-none-eabi-7-2017-q4-major/bin/arm-none-eabi-gcc -mthumb -mcpu=cortex-m3 -mlittle-endian -mthumb-interwork  -lm -lc -lnosys --specs=nosys.specs    -mthumb -mcpu=cortex-m3 -mlittle-endian -mthumb-interwork  -Wl,-Map=linker.map -Wl,-cref -Wl,--gc-sections  CMakeFiles/cmTC_6bb4d.dir/feature_tests.c.obj  -o cmTC_6bb4d 
make[1]: Leaving directory '/rnd/bitbucket/linux-stm32-spi-i2c/stm32-i2c-spi/build-stm32/CMakeFiles/CMakeTmp'


    Feature record: C_FEATURE:1c_function_prototypes
    Feature record: C_FEATURE:0c_restrict
    Feature record: C_FEATURE:0c_static_assert
    Feature record: C_FEATURE:0c_variadic_macros
Determining if the CXX compiler works passed with the following output:
Change Dir: /rnd/bitbucket/linux-stm32-spi-i2c/stm32-i2c-spi/build-stm32/CMakeFiles/CMakeTmp

Run Build Command:"/usr/bin/make" "cmTC_82f3f/fast"
/usr/bin/make -f CMakeFiles/cmTC_82f3f.dir/build.make CMakeFiles/cmTC_82f3f.dir/build
make[1]: Entering directory '/rnd/bitbucket/linux-stm32-spi-i2c/stm32-i2c-spi/build-stm32/CMakeFiles/CMakeTmp'
Building CXX object CMakeFiles/cmTC_82f3f.dir/testCXXCompiler.cxx.obj
/opt/toolchains/gcc-arm-none-eabi-7-2017-q4-major/bin/arm-none-eabi-g++    -mthumb -mcpu=cortex-m3 -mlittle-endian -mthumb-interwork  -lm -lc -lnosys --specs=nosys.specs     -o CMakeFiles/cmTC_82f3f.dir/testCXXCompiler.cxx.obj -c /rnd/bitbucket/linux-stm32-spi-i2c/stm32-i2c-spi/build-stm32/CMakeFiles/CMakeTmp/testCXXCompiler.cxx
Linking CXX executable cmTC_82f3f
/usr/bin/cmake -E cmake_link_script CMakeFiles/cmTC_82f3f.dir/link.txt --verbose=1
/opt/toolchains/gcc-arm-none-eabi-7-2017-q4-major/bin/arm-none-eabi-g++  -mthumb -mcpu=cortex-m3 -mlittle-endian -mthumb-interwork  -lm -lc -lnosys --specs=nosys.specs    -mthumb -mcpu=cortex-m3 -mlittle-endian -mthumb-interwork  -Wl,-Map=linker.map -Wl,-cref -Wl,--gc-sections  CMakeFiles/cmTC_82f3f.dir/testCXXCompiler.cxx.obj  -o cmTC_82f3f 
make[1]: Leaving directory '/rnd/bitbucket/linux-stm32-spi-i2c/stm32-i2c-spi/build-stm32/CMakeFiles/CMakeTmp'


Detecting CXX compiler ABI info compiled with the following output:
Change Dir: /rnd/bitbucket/linux-stm32-spi-i2c/stm32-i2c-spi/build-stm32/CMakeFiles/CMakeTmp

Run Build Command:"/usr/bin/make" "cmTC_7202e/fast"
/usr/bin/make -f CMakeFiles/cmTC_7202e.dir/build.make CMakeFiles/cmTC_7202e.dir/build
make[1]: Entering directory '/rnd/bitbucket/linux-stm32-spi-i2c/stm32-i2c-spi/build-stm32/CMakeFiles/CMakeTmp'
Building CXX object CMakeFiles/cmTC_7202e.dir/CMakeCXXCompilerABI.cpp.obj
/opt/toolchains/gcc-arm-none-eabi-7-2017-q4-major/bin/arm-none-eabi-g++    -mthumb -mcpu=cortex-m3 -mlittle-endian -mthumb-interwork  -lm -lc -lnosys --specs=nosys.specs     -o CMakeFiles/cmTC_7202e.dir/CMakeCXXCompilerABI.cpp.obj -c /usr/share/cmake-3.10/Modules/CMakeCXXCompilerABI.cpp
Linking CXX executable cmTC_7202e
/usr/bin/cmake -E cmake_link_script CMakeFiles/cmTC_7202e.dir/link.txt --verbose=1
/opt/toolchains/gcc-arm-none-eabi-7-2017-q4-major/bin/arm-none-eabi-g++  -mthumb -mcpu=cortex-m3 -mlittle-endian -mthumb-interwork  -lm -lc -lnosys --specs=nosys.specs    -mthumb -mcpu=cortex-m3 -mlittle-endian -mthumb-interwork  -Wl,-Map=linker.map -Wl,-cref -Wl,--gc-sections -v CMakeFiles/cmTC_7202e.dir/CMakeCXXCompilerABI.cpp.obj  -o cmTC_7202e 
Using built-in specs.
Reading specs from /opt/toolchains/gcc-arm-none-eabi-7-2017-q4-major/bin/../lib/gcc/arm-none-eabi/7.2.1/../../../../arm-none-eabi/lib/nosys.specs
rename spec link_gcc_c_sequence to nosys_link_gcc_c_sequence
COLLECT_GCC=/opt/toolchains/gcc-arm-none-eabi-7-2017-q4-major/bin/arm-none-eabi-g++
COLLECT_LTO_WRAPPER=/opt/toolchains/gcc-arm-none-eabi-7-2017-q4-major/bin/../lib/gcc/arm-none-eabi/7.2.1/lto-wrapper
Target: arm-none-eabi
Configured with: /tmp/jenkins/jenkins-GCC-7-build_toolchain_docker-633_20171130_1512067137/src/gcc/configure --target=arm-none-eabi --prefix=/tmp/jenkins/jenkins-GCC-7-build_toolchain_docker-633_20171130_1512067137/install-native --libexecdir=/tmp/jenkins/jenkins-GCC-7-build_toolchain_docker-633_20171130_1512067137/install-native/lib --infodir=/tmp/jenkins/jenkins-GCC-7-build_toolchain_docker-633_20171130_1512067137/install-native/share/doc/gcc-arm-none-eabi/info --mandir=/tmp/jenkins/jenkins-GCC-7-build_toolchain_docker-633_20171130_1512067137/install-native/share/doc/gcc-arm-none-eabi/man --htmldir=/tmp/jenkins/jenkins-GCC-7-build_toolchain_docker-633_20171130_1512067137/install-native/share/doc/gcc-arm-none-eabi/html --pdfdir=/tmp/jenkins/jenkins-GCC-7-build_toolchain_docker-633_20171130_1512067137/install-native/share/doc/gcc-arm-none-eabi/pdf --enable-languages=c,c++ --enable-plugins --disable-decimal-float --disable-libffi --disable-libgomp --disable-libmudflap --disable-libquadmath --disable-libssp --disable-libstdcxx-pch --disable-nls --disable-shared --disable-threads --disable-tls --with-gnu-as --with-gnu-ld --with-newlib --with-headers=yes --with-python-dir=share/gcc-arm-none-eabi --with-sysroot=/tmp/jenkins/jenkins-GCC-7-build_toolchain_docker-633_20171130_1512067137/install-native/arm-none-eabi --build=x86_64-linux-gnu --host=x86_64-linux-gnu --with-gmp=/tmp/jenkins/jenkins-GCC-7-build_toolchain_docker-633_20171130_1512067137/build-native/host-libs/usr --with-mpfr=/tmp/jenkins/jenkins-GCC-7-build_toolchain_docker-633_20171130_1512067137/build-native/host-libs/usr --with-mpc=/tmp/jenkins/jenkins-GCC-7-build_toolchain_docker-633_20171130_1512067137/build-native/host-libs/usr --with-isl=/tmp/jenkins/jenkins-GCC-7-build_toolchain_docker-633_20171130_1512067137/build-native/host-libs/usr --with-libelf=/tmp/jenkins/jenkins-GCC-7-build_toolchain_docker-633_20171130_1512067137/build-native/host-libs/usr --with-host-libstdcxx='-static-libgcc -Wl,-Bstatic,-lstdc++,-Bdynamic -lm' --with-pkgversion='GNU Tools for Arm Embedded Processors 7-2017-q4-major' --with-multilib-list=rmprofile
Thread model: single
gcc version 7.2.1 20170904 (release) [ARM/embedded-7-branch revision 255204] (GNU Tools for Arm Embedded Processors 7-2017-q4-major) 
COMPILER_PATH=/opt/toolchains/gcc-arm-none-eabi-7-2017-q4-major/bin/../lib/gcc/arm-none-eabi/7.2.1/:/opt/toolchains/gcc-arm-none-eabi-7-2017-q4-major/bin/../lib/gcc/:/opt/toolchains/gcc-arm-none-eabi-7-2017-q4-major/bin/../lib/gcc/arm-none-eabi/7.2.1/../../../../arm-none-eabi/bin/
LIBRARY_PATH=/opt/toolchains/gcc-arm-none-eabi-7-2017-q4-major/bin/../lib/gcc/arm-none-eabi/7.2.1/thumb/v7-m/:/opt/toolchains/gcc-arm-none-eabi-7-2017-q4-major/bin/../lib/gcc/arm-none-eabi/7.2.1/../../../../arm-none-eabi/lib/thumb/v7-m/:/opt/toolchains/gcc-arm-none-eabi-7-2017-q4-major/bin/../arm-none-eabi/lib/thumb/v7-m/:/opt/toolchains/gcc-arm-none-eabi-7-2017-q4-major/bin/../lib/gcc/arm-none-eabi/7.2.1/:/opt/toolchains/gcc-arm-none-eabi-7-2017-q4-major/bin/../lib/gcc/:/opt/toolchains/gcc-arm-none-eabi-7-2017-q4-major/bin/../lib/gcc/arm-none-eabi/7.2.1/../../../../arm-none-eabi/lib/:/opt/toolchains/gcc-arm-none-eabi-7-2017-q4-major/bin/../arm-none-eabi/lib/
COLLECT_GCC_OPTIONS='-mthumb' '-mcpu=cortex-m3' '-mlittle-endian' '-specs=nosys.specs' '-mthumb' '-mcpu=cortex-m3' '-mlittle-endian' '-mthumb-interwork' '-v' '-o' 'cmTC_7202e'
 /opt/toolchains/gcc-arm-none-eabi-7-2017-q4-major/bin/../lib/gcc/arm-none-eabi/7.2.1/collect2 -plugin /opt/toolchains/gcc-arm-none-eabi-7-2017-q4-major/bin/../lib/gcc/arm-none-eabi/7.2.1/liblto_plugin.so -plugin-opt=/opt/toolchains/gcc-arm-none-eabi-7-2017-q4-major/bin/../lib/gcc/arm-none-eabi/7.2.1/lto-wrapper -plugin-opt=-fresolution=/tmp/ccyes8dN.res -plugin-opt=-pass-through=-lgcc -plugin-opt=-pass-through=-lc -plugin-opt=-pass-through=-lgcc -plugin-opt=-pass-through=-lc -plugin-opt=-pass-through=-lnosys --sysroot=/opt/toolchains/gcc-arm-none-eabi-7-2017-q4-major/bin/../arm-none-eabi -EL -X -o cmTC_7202e /opt/toolchains/gcc-arm-none-eabi-7-2017-q4-major/bin/../lib/gcc/arm-none-eabi/7.2.1/thumb/v7-m/crti.o /opt/toolchains/gcc-arm-none-eabi-7-2017-q4-major/bin/../lib/gcc/arm-none-eabi/7.2.1/thumb/v7-m/crtbegin.o /opt/toolchains/gcc-arm-none-eabi-7-2017-q4-major/bin/../lib/gcc/arm-none-eabi/7.2.1/../../../../arm-none-eabi/lib/thumb/v7-m/crt0.o -L/opt/toolchains/gcc-arm-none-eabi-7-2017-q4-major/bin/../lib/gcc/arm-none-eabi/7.2.1/thumb/v7-m -L/opt/toolchains/gcc-arm-none-eabi-7-2017-q4-major/bin/../lib/gcc/arm-none-eabi/7.2.1/../../../../arm-none-eabi/lib/thumb/v7-m -L/opt/toolchains/gcc-arm-none-eabi-7-2017-q4-major/bin/../arm-none-eabi/lib/thumb/v7-m -L/opt/toolchains/gcc-arm-none-eabi-7-2017-q4-major/bin/../lib/gcc/arm-none-eabi/7.2.1 -L/opt/toolchains/gcc-arm-none-eabi-7-2017-q4-major/bin/../lib/gcc -L/opt/toolchains/gcc-arm-none-eabi-7-2017-q4-major/bin/../lib/gcc/arm-none-eabi/7.2.1/../../../../arm-none-eabi/lib -L/opt/toolchains/gcc-arm-none-eabi-7-2017-q4-major/bin/../arm-none-eabi/lib -lnosys -Map=linker.map -cref --gc-sections CMakeFiles/cmTC_7202e.dir/CMakeCXXCompilerABI.cpp.obj -lstdc++ -lm -lc --start-group -lgcc -lc --end-group --start-group -lgcc -lc -lnosys --end-group /opt/toolchains/gcc-arm-none-eabi-7-2017-q4-major/bin/../lib/gcc/arm-none-eabi/7.2.1/thumb/v7-m/crtend.o /opt/toolchains/gcc-arm-none-eabi-7-2017-q4-major/bin/../lib/gcc/arm-none-eabi/7.2.1/thumb/v7-m/crtn.o
COLLECT_GCC_OPTIONS='-mthumb' '-mcpu=cortex-m3' '-mlittle-endian' '-specs=nosys.specs' '-mthumb' '-mcpu=cortex-m3' '-mlittle-endian' '-mthumb-interwork' '-v' '-o' 'cmTC_7202e'
make[1]: Leaving directory '/rnd/bitbucket/linux-stm32-spi-i2c/stm32-i2c-spi/build-stm32/CMakeFiles/CMakeTmp'


Parsed CXX implicit link information from above output:
  link line regex: [^( *|.*[/\])(arm-none-eabi-ld|CMAKE_LINK_STARTFILE-NOTFOUND|([^/\]+-)?ld|collect2)[^/\]*( |$)]
  ignore line: [Change Dir: /rnd/bitbucket/linux-stm32-spi-i2c/stm32-i2c-spi/build-stm32/CMakeFiles/CMakeTmp]
  ignore line: []
  ignore line: [Run Build Command:"/usr/bin/make" "cmTC_7202e/fast"]
  ignore line: [/usr/bin/make -f CMakeFiles/cmTC_7202e.dir/build.make CMakeFiles/cmTC_7202e.dir/build]
  ignore line: [make[1]: Entering directory '/rnd/bitbucket/linux-stm32-spi-i2c/stm32-i2c-spi/build-stm32/CMakeFiles/CMakeTmp']
  ignore line: [Building CXX object CMakeFiles/cmTC_7202e.dir/CMakeCXXCompilerABI.cpp.obj]
  ignore line: [/opt/toolchains/gcc-arm-none-eabi-7-2017-q4-major/bin/arm-none-eabi-g++    -mthumb -mcpu=cortex-m3 -mlittle-endian -mthumb-interwork  -lm -lc -lnosys --specs=nosys.specs     -o CMakeFiles/cmTC_7202e.dir/CMakeCXXCompilerABI.cpp.obj -c /usr/share/cmake-3.10/Modules/CMakeCXXCompilerABI.cpp]
  ignore line: [Linking CXX executable cmTC_7202e]
  ignore line: [/usr/bin/cmake -E cmake_link_script CMakeFiles/cmTC_7202e.dir/link.txt --verbose=1]
  ignore line: [/opt/toolchains/gcc-arm-none-eabi-7-2017-q4-major/bin/arm-none-eabi-g++  -mthumb -mcpu=cortex-m3 -mlittle-endian -mthumb-interwork  -lm -lc -lnosys --specs=nosys.specs    -mthumb -mcpu=cortex-m3 -mlittle-endian -mthumb-interwork  -Wl,-Map=linker.map -Wl,-cref -Wl,--gc-sections -v CMakeFiles/cmTC_7202e.dir/CMakeCXXCompilerABI.cpp.obj  -o cmTC_7202e ]
  ignore line: [Using built-in specs.]
  ignore line: [Reading specs from /opt/toolchains/gcc-arm-none-eabi-7-2017-q4-major/bin/../lib/gcc/arm-none-eabi/7.2.1/../../../../arm-none-eabi/lib/nosys.specs]
  ignore line: [rename spec link_gcc_c_sequence to nosys_link_gcc_c_sequence]
  ignore line: [COLLECT_GCC=/opt/toolchains/gcc-arm-none-eabi-7-2017-q4-major/bin/arm-none-eabi-g++]
  ignore line: [COLLECT_LTO_WRAPPER=/opt/toolchains/gcc-arm-none-eabi-7-2017-q4-major/bin/../lib/gcc/arm-none-eabi/7.2.1/lto-wrapper]
  ignore line: [Target: arm-none-eabi]
  ignore line: [Configured with: /tmp/jenkins/jenkins-GCC-7-build_toolchain_docker-633_20171130_1512067137/src/gcc/configure --target=arm-none-eabi --prefix=/tmp/jenkins/jenkins-GCC-7-build_toolchain_docker-633_20171130_1512067137/install-native --libexecdir=/tmp/jenkins/jenkins-GCC-7-build_toolchain_docker-633_20171130_1512067137/install-native/lib --infodir=/tmp/jenkins/jenkins-GCC-7-build_toolchain_docker-633_20171130_1512067137/install-native/share/doc/gcc-arm-none-eabi/info --mandir=/tmp/jenkins/jenkins-GCC-7-build_toolchain_docker-633_20171130_1512067137/install-native/share/doc/gcc-arm-none-eabi/man --htmldir=/tmp/jenkins/jenkins-GCC-7-build_toolchain_docker-633_20171130_1512067137/install-native/share/doc/gcc-arm-none-eabi/html --pdfdir=/tmp/jenkins/jenkins-GCC-7-build_toolchain_docker-633_20171130_1512067137/install-native/share/doc/gcc-arm-none-eabi/pdf --enable-languages=c,c++ --enable-plugins --disable-decimal-float --disable-libffi --disable-libgomp --disable-libmudflap --disable-libquadmath --disable-libssp --disable-libstdcxx-pch --disable-nls --disable-shared --disable-threads --disable-tls --with-gnu-as --with-gnu-ld --with-newlib --with-headers=yes --with-python-dir=share/gcc-arm-none-eabi --with-sysroot=/tmp/jenkins/jenkins-GCC-7-build_toolchain_docker-633_20171130_1512067137/install-native/arm-none-eabi --build=x86_64-linux-gnu --host=x86_64-linux-gnu --with-gmp=/tmp/jenkins/jenkins-GCC-7-build_toolchain_docker-633_20171130_1512067137/build-native/host-libs/usr --with-mpfr=/tmp/jenkins/jenkins-GCC-7-build_toolchain_docker-633_20171130_1512067137/build-native/host-libs/usr --with-mpc=/tmp/jenkins/jenkins-GCC-7-build_toolchain_docker-633_20171130_1512067137/build-native/host-libs/usr --with-isl=/tmp/jenkins/jenkins-GCC-7-build_toolchain_docker-633_20171130_1512067137/build-native/host-libs/usr --with-libelf=/tmp/jenkins/jenkins-GCC-7-build_toolchain_docker-633_20171130_1512067137/build-native/host-libs/usr --with-host-libstdcxx='-static-libgcc -Wl,-Bstatic,-lstdc++,-Bdynamic -lm' --with-pkgversion='GNU Tools for Arm Embedded Processors 7-2017-q4-major' --with-multilib-list=rmprofile]
  ignore line: [Thread model: single]
  ignore line: [gcc version 7.2.1 20170904 (release) [ARM/embedded-7-branch revision 255204] (GNU Tools for Arm Embedded Processors 7-2017-q4-major) ]
  ignore line: [COMPILER_PATH=/opt/toolchains/gcc-arm-none-eabi-7-2017-q4-major/bin/../lib/gcc/arm-none-eabi/7.2.1/:/opt/toolchains/gcc-arm-none-eabi-7-2017-q4-major/bin/../lib/gcc/:/opt/toolchains/gcc-arm-none-eabi-7-2017-q4-major/bin/../lib/gcc/arm-none-eabi/7.2.1/../../../../arm-none-eabi/bin/]
  ignore line: [LIBRARY_PATH=/opt/toolchains/gcc-arm-none-eabi-7-2017-q4-major/bin/../lib/gcc/arm-none-eabi/7.2.1/thumb/v7-m/:/opt/toolchains/gcc-arm-none-eabi-7-2017-q4-major/bin/../lib/gcc/arm-none-eabi/7.2.1/../../../../arm-none-eabi/lib/thumb/v7-m/:/opt/toolchains/gcc-arm-none-eabi-7-2017-q4-major/bin/../arm-none-eabi/lib/thumb/v7-m/:/opt/toolchains/gcc-arm-none-eabi-7-2017-q4-major/bin/../lib/gcc/arm-none-eabi/7.2.1/:/opt/toolchains/gcc-arm-none-eabi-7-2017-q4-major/bin/../lib/gcc/:/opt/toolchains/gcc-arm-none-eabi-7-2017-q4-major/bin/../lib/gcc/arm-none-eabi/7.2.1/../../../../arm-none-eabi/lib/:/opt/toolchains/gcc-arm-none-eabi-7-2017-q4-major/bin/../arm-none-eabi/lib/]
  ignore line: [COLLECT_GCC_OPTIONS='-mthumb' '-mcpu=cortex-m3' '-mlittle-endian' '-specs=nosys.specs' '-mthumb' '-mcpu=cortex-m3' '-mlittle-endian' '-mthumb-interwork' '-v' '-o' 'cmTC_7202e']
  link line: [ /opt/toolchains/gcc-arm-none-eabi-7-2017-q4-major/bin/../lib/gcc/arm-none-eabi/7.2.1/collect2 -plugin /opt/toolchains/gcc-arm-none-eabi-7-2017-q4-major/bin/../lib/gcc/arm-none-eabi/7.2.1/liblto_plugin.so -plugin-opt=/opt/toolchains/gcc-arm-none-eabi-7-2017-q4-major/bin/../lib/gcc/arm-none-eabi/7.2.1/lto-wrapper -plugin-opt=-fresolution=/tmp/ccyes8dN.res -plugin-opt=-pass-through=-lgcc -plugin-opt=-pass-through=-lc -plugin-opt=-pass-through=-lgcc -plugin-opt=-pass-through=-lc -plugin-opt=-pass-through=-lnosys --sysroot=/opt/toolchains/gcc-arm-none-eabi-7-2017-q4-major/bin/../arm-none-eabi -EL -X -o cmTC_7202e /opt/toolchains/gcc-arm-none-eabi-7-2017-q4-major/bin/../lib/gcc/arm-none-eabi/7.2.1/thumb/v7-m/crti.o /opt/toolchains/gcc-arm-none-eabi-7-2017-q4-major/bin/../lib/gcc/arm-none-eabi/7.2.1/thumb/v7-m/crtbegin.o /opt/toolchains/gcc-arm-none-eabi-7-2017-q4-major/bin/../lib/gcc/arm-none-eabi/7.2.1/../../../../arm-none-eabi/lib/thumb/v7-m/crt0.o -L/opt/toolchains/gcc-arm-none-eabi-7-2017-q4-major/bin/../lib/gcc/arm-none-eabi/7.2.1/thumb/v7-m -L/opt/toolchains/gcc-arm-none-eabi-7-2017-q4-major/bin/../lib/gcc/arm-none-eabi/7.2.1/../../../../arm-none-eabi/lib/thumb/v7-m -L/opt/toolchains/gcc-arm-none-eabi-7-2017-q4-major/bin/../arm-none-eabi/lib/thumb/v7-m -L/opt/toolchains/gcc-arm-none-eabi-7-2017-q4-major/bin/../lib/gcc/arm-none-eabi/7.2.1 -L/opt/toolchains/gcc-arm-none-eabi-7-2017-q4-major/bin/../lib/gcc -L/opt/toolchains/gcc-arm-none-eabi-7-2017-q4-major/bin/../lib/gcc/arm-none-eabi/7.2.1/../../../../arm-none-eabi/lib -L/opt/toolchains/gcc-arm-none-eabi-7-2017-q4-major/bin/../arm-none-eabi/lib -lnosys -Map=linker.map -cref --gc-sections CMakeFiles/cmTC_7202e.dir/CMakeCXXCompilerABI.cpp.obj -lstdc++ -lm -lc --start-group -lgcc -lc --end-group --start-group -lgcc -lc -lnosys --end-group /opt/toolchains/gcc-arm-none-eabi-7-2017-q4-major/bin/../lib/gcc/arm-none-eabi/7.2.1/thumb/v7-m/crtend.o /opt/toolchains/gcc-arm-none-eabi-7-2017-q4-major/bin/../lib/gcc/arm-none-eabi/7.2.1/thumb/v7-m/crtn.o]
    arg [/opt/toolchains/gcc-arm-none-eabi-7-2017-q4-major/bin/../lib/gcc/arm-none-eabi/7.2.1/collect2] ==> ignore
    arg [-plugin] ==> ignore
    arg [/opt/toolchains/gcc-arm-none-eabi-7-2017-q4-major/bin/../lib/gcc/arm-none-eabi/7.2.1/liblto_plugin.so] ==> ignore
    arg [-plugin-opt=/opt/toolchains/gcc-arm-none-eabi-7-2017-q4-major/bin/../lib/gcc/arm-none-eabi/7.2.1/lto-wrapper] ==> ignore
    arg [-plugin-opt=-fresolution=/tmp/ccyes8dN.res] ==> ignore
    arg [-plugin-opt=-pass-through=-lgcc] ==> ignore
    arg [-plugin-opt=-pass-through=-lc] ==> ignore
    arg [-plugin-opt=-pass-through=-lgcc] ==> ignore
    arg [-plugin-opt=-pass-through=-lc] ==> ignore
    arg [-plugin-opt=-pass-through=-lnosys] ==> ignore
    arg [--sysroot=/opt/toolchains/gcc-arm-none-eabi-7-2017-q4-major/bin/../arm-none-eabi] ==> ignore
    arg [-EL] ==> ignore
    arg [-X] ==> ignore
    arg [-o] ==> ignore
    arg [cmTC_7202e] ==> ignore
    arg [/opt/toolchains/gcc-arm-none-eabi-7-2017-q4-major/bin/../lib/gcc/arm-none-eabi/7.2.1/thumb/v7-m/crti.o] ==> ignore
    arg [/opt/toolchains/gcc-arm-none-eabi-7-2017-q4-major/bin/../lib/gcc/arm-none-eabi/7.2.1/thumb/v7-m/crtbegin.o] ==> ignore
    arg [/opt/toolchains/gcc-arm-none-eabi-7-2017-q4-major/bin/../lib/gcc/arm-none-eabi/7.2.1/../../../../arm-none-eabi/lib/thumb/v7-m/crt0.o] ==> ignore
    arg [-L/opt/toolchains/gcc-arm-none-eabi-7-2017-q4-major/bin/../lib/gcc/arm-none-eabi/7.2.1/thumb/v7-m] ==> dir [/opt/toolchains/gcc-arm-none-eabi-7-2017-q4-major/bin/../lib/gcc/arm-none-eabi/7.2.1/thumb/v7-m]
    arg [-L/opt/toolchains/gcc-arm-none-eabi-7-2017-q4-major/bin/../lib/gcc/arm-none-eabi/7.2.1/../../../../arm-none-eabi/lib/thumb/v7-m] ==> dir [/opt/toolchains/gcc-arm-none-eabi-7-2017-q4-major/bin/../lib/gcc/arm-none-eabi/7.2.1/../../../../arm-none-eabi/lib/thumb/v7-m]
    arg [-L/opt/toolchains/gcc-arm-none-eabi-7-2017-q4-major/bin/../arm-none-eabi/lib/thumb/v7-m] ==> dir [/opt/toolchains/gcc-arm-none-eabi-7-2017-q4-major/bin/../arm-none-eabi/lib/thumb/v7-m]
    arg [-L/opt/toolchains/gcc-arm-none-eabi-7-2017-q4-major/bin/../lib/gcc/arm-none-eabi/7.2.1] ==> dir [/opt/toolchains/gcc-arm-none-eabi-7-2017-q4-major/bin/../lib/gcc/arm-none-eabi/7.2.1]
    arg [-L/opt/toolchains/gcc-arm-none-eabi-7-2017-q4-major/bin/../lib/gcc] ==> dir [/opt/toolchains/gcc-arm-none-eabi-7-2017-q4-major/bin/../lib/gcc]
    arg [-L/opt/toolchains/gcc-arm-none-eabi-7-2017-q4-major/bin/../lib/gcc/arm-none-eabi/7.2.1/../../../../arm-none-eabi/lib] ==> dir [/opt/toolchains/gcc-arm-none-eabi-7-2017-q4-major/bin/../lib/gcc/arm-none-eabi/7.2.1/../../../../arm-none-eabi/lib]
    arg [-L/opt/toolchains/gcc-arm-none-eabi-7-2017-q4-major/bin/../arm-none-eabi/lib] ==> dir [/opt/toolchains/gcc-arm-none-eabi-7-2017-q4-major/bin/../arm-none-eabi/lib]
    arg [-lnosys] ==> lib [nosys]
    arg [-Map=linker.map] ==> ignore
    arg [-cref] ==> ignore
    arg [--gc-sections] ==> ignore
    arg [CMakeFiles/cmTC_7202e.dir/CMakeCXXCompilerABI.cpp.obj] ==> ignore
    arg [-lstdc++] ==> lib [stdc++]
    arg [-lm] ==> lib [m]
    arg [-lc] ==> lib [c]
    arg [--start-group] ==> ignore
    arg [-lgcc] ==> lib [gcc]
    arg [-lc] ==> lib [c]
    arg [--end-group] ==> ignore
    arg [--start-group] ==> ignore
    arg [-lgcc] ==> lib [gcc]
    arg [-lc] ==> lib [c]
    arg [-lnosys] ==> lib [nosys]
    arg [--end-group] ==> ignore
    arg [/opt/toolchains/gcc-arm-none-eabi-7-2017-q4-major/bin/../lib/gcc/arm-none-eabi/7.2.1/thumb/v7-m/crtend.o] ==> ignore
    arg [/opt/toolchains/gcc-arm-none-eabi-7-2017-q4-major/bin/../lib/gcc/arm-none-eabi/7.2.1/thumb/v7-m/crtn.o] ==> ignore
  collapse library dir [/opt/toolchains/gcc-arm-none-eabi-7-2017-q4-major/bin/../lib/gcc/arm-none-eabi/7.2.1/thumb/v7-m] ==> [/opt/toolchains/gcc-arm-none-eabi-7-2017-q4-major/lib/gcc/arm-none-eabi/7.2.1/thumb/v7-m]
  collapse library dir [/opt/toolchains/gcc-arm-none-eabi-7-2017-q4-major/bin/../lib/gcc/arm-none-eabi/7.2.1/../../../../arm-none-eabi/lib/thumb/v7-m] ==> [/opt/toolchains/gcc-arm-none-eabi-7-2017-q4-major/arm-none-eabi/lib/thumb/v7-m]
  collapse library dir [/opt/toolchains/gcc-arm-none-eabi-7-2017-q4-major/bin/../arm-none-eabi/lib/thumb/v7-m] ==> [/opt/toolchains/gcc-arm-none-eabi-7-2017-q4-major/arm-none-eabi/lib/thumb/v7-m]
  collapse library dir [/opt/toolchains/gcc-arm-none-eabi-7-2017-q4-major/bin/../lib/gcc/arm-none-eabi/7.2.1] ==> [/opt/toolchains/gcc-arm-none-eabi-7-2017-q4-major/lib/gcc/arm-none-eabi/7.2.1]
  collapse library dir [/opt/toolchains/gcc-arm-none-eabi-7-2017-q4-major/bin/../lib/gcc] ==> [/opt/toolchains/gcc-arm-none-eabi-7-2017-q4-major/lib/gcc]
  collapse library dir [/opt/toolchains/gcc-arm-none-eabi-7-2017-q4-major/bin/../lib/gcc/arm-none-eabi/7.2.1/../../../../arm-none-eabi/lib] ==> [/opt/toolchains/gcc-arm-none-eabi-7-2017-q4-major/arm-none-eabi/lib]
  collapse library dir [/opt/toolchains/gcc-arm-none-eabi-7-2017-q4-major/bin/../arm-none-eabi/lib] ==> [/opt/toolchains/gcc-arm-none-eabi-7-2017-q4-major/arm-none-eabi/lib]
  implicit libs: [nosys;stdc++;m;c;gcc;c;gcc;c;nosys]
  implicit dirs: [/opt/toolchains/gcc-arm-none-eabi-7-2017-q4-major/lib/gcc/arm-none-eabi/7.2.1/thumb/v7-m;/opt/toolchains/gcc-arm-none-eabi-7-2017-q4-major/arm-none-eabi/lib/thumb/v7-m;/opt/toolchains/gcc-arm-none-eabi-7-2017-q4-major/lib/gcc/arm-none-eabi/7.2.1;/opt/toolchains/gcc-arm-none-eabi-7-2017-q4-major/lib/gcc;/opt/toolchains/gcc-arm-none-eabi-7-2017-q4-major/arm-none-eabi/lib]
  implicit fwks: []




Detecting CXX [-std=c++1z] compiler features compiled with the following output:
Change Dir: /rnd/bitbucket/linux-stm32-spi-i2c/stm32-i2c-spi/build-stm32/CMakeFiles/CMakeTmp

Run Build Command:"/usr/bin/make" "cmTC_eeec1/fast"
/usr/bin/make -f CMakeFiles/cmTC_eeec1.dir/build.make CMakeFiles/cmTC_eeec1.dir/build
make[1]: Entering directory '/rnd/bitbucket/linux-stm32-spi-i2c/stm32-i2c-spi/build-stm32/CMakeFiles/CMakeTmp'
Building CXX object CMakeFiles/cmTC_eeec1.dir/feature_tests.cxx.obj
/opt/toolchains/gcc-arm-none-eabi-7-2017-q4-major/bin/arm-none-eabi-g++    -mthumb -mcpu=cortex-m3 -mlittle-endian -mthumb-interwork  -lm -lc -lnosys --specs=nosys.specs     -std=c++1z -o CMakeFiles/cmTC_eeec1.dir/feature_tests.cxx.obj -c /rnd/bitbucket/linux-stm32-spi-i2c/stm32-i2c-spi/build-stm32/CMakeFiles/feature_tests.cxx
Linking CXX executable cmTC_eeec1
/usr/bin/cmake -E cmake_link_script CMakeFiles/cmTC_eeec1.dir/link.txt --verbose=1
/opt/toolchains/gcc-arm-none-eabi-7-2017-q4-major/bin/arm-none-eabi-g++  -mthumb -mcpu=cortex-m3 -mlittle-endian -mthumb-interwork  -lm -lc -lnosys --specs=nosys.specs    -mthumb -mcpu=cortex-m3 -mlittle-endian -mthumb-interwork  -Wl,-Map=linker.map -Wl,-cref -Wl,--gc-sections  CMakeFiles/cmTC_eeec1.dir/feature_tests.cxx.obj  -o cmTC_eeec1 
make[1]: Leaving directory '/rnd/bitbucket/linux-stm32-spi-i2c/stm32-i2c-spi/build-stm32/CMakeFiles/CMakeTmp'


    Feature record: CXX_FEATURE:1cxx_aggregate_default_initializers
    Feature record: CXX_FEATURE:1cxx_alias_templates
    Feature record: CXX_FEATURE:1cxx_alignas
    Feature record: CXX_FEATURE:1cxx_alignof
    Feature record: CXX_FEATURE:1cxx_attributes
    Feature record: CXX_FEATURE:1cxx_attribute_deprecated
    Feature record: CXX_FEATURE:1cxx_auto_type
    Feature record: CXX_FEATURE:1cxx_binary_literals
    Feature record: CXX_FEATURE:1cxx_constexpr
    Feature record: CXX_FEATURE:1cxx_contextual_conversions
    Feature record: CXX_FEATURE:1cxx_decltype
    Feature record: CXX_FEATURE:1cxx_decltype_auto
    Feature record: CXX_FEATURE:1cxx_decltype_incomplete_return_types
    Feature record: CXX_FEATURE:1cxx_default_function_template_args
    Feature record: CXX_FEATURE:1cxx_defaulted_functions
    Feature record: CXX_FEATURE:1cxx_defaulted_move_initializers
    Feature record: CXX_FEATURE:1cxx_delegating_constructors
    Feature record: CXX_FEATURE:1cxx_deleted_functions
    Feature record: CXX_FEATURE:1cxx_digit_separators
    Feature record: CXX_FEATURE:1cxx_enum_forward_declarations
    Feature record: CXX_FEATURE:1cxx_explicit_conversions
    Feature record: CXX_FEATURE:1cxx_extended_friend_declarations
    Feature record: CXX_FEATURE:1cxx_extern_templates
    Feature record: CXX_FEATURE:1cxx_final
    Feature record: CXX_FEATURE:1cxx_func_identifier
    Feature record: CXX_FEATURE:1cxx_generalized_initializers
    Feature record: CXX_FEATURE:1cxx_generic_lambdas
    Feature record: CXX_FEATURE:1cxx_inheriting_constructors
    Feature record: CXX_FEATURE:1cxx_inline_namespaces
    Feature record: CXX_FEATURE:1cxx_lambdas
    Feature record: CXX_FEATURE:1cxx_lambda_init_captures
    Feature record: CXX_FEATURE:1cxx_local_type_template_args
    Feature record: CXX_FEATURE:1cxx_long_long_type
    Feature record: CXX_FEATURE:1cxx_noexcept
    Feature record: CXX_FEATURE:1cxx_nonstatic_member_init
    Feature record: CXX_FEATURE:1cxx_nullptr
    Feature record: CXX_FEATURE:1cxx_override
    Feature record: CXX_FEATURE:1cxx_range_for
    Feature record: CXX_FEATURE:1cxx_raw_string_literals
    Feature record: CXX_FEATURE:1cxx_reference_qualified_functions
    Feature record: CXX_FEATURE:1cxx_relaxed_constexpr
    Feature record: CXX_FEATURE:1cxx_return_type_deduction
    Feature record: CXX_FEATURE:1cxx_right_angle_brackets
    Feature record: CXX_FEATURE:1cxx_rvalue_references
    Feature record: CXX_FEATURE:1cxx_sizeof_member
    Feature record: CXX_FEATURE:1cxx_static_assert
    Feature record: CXX_FEATURE:1cxx_strong_enums
    Feature record: CXX_FEATURE:1cxx_template_template_parameters
    Feature record: CXX_FEATURE:1cxx_thread_local
    Feature record: CXX_FEATURE:1cxx_trailing_return_types
    Feature record: CXX_FEATURE:1cxx_unicode_literals
    Feature record: CXX_FEATURE:1cxx_uniform_initialization
    Feature record: CXX_FEATURE:1cxx_unrestricted_unions
    Feature record: CXX_FEATURE:1cxx_user_literals
    Feature record: CXX_FEATURE:1cxx_variable_templates
    Feature record: CXX_FEATURE:1cxx_variadic_macros
    Feature record: CXX_FEATURE:1cxx_variadic_templates


Detecting CXX [-std=c++14] compiler features compiled with the following output:
Change Dir: /rnd/bitbucket/linux-stm32-spi-i2c/stm32-i2c-spi/build-stm32/CMakeFiles/CMakeTmp

Run Build Command:"/usr/bin/make" "cmTC_0cf1b/fast"
/usr/bin/make -f CMakeFiles/cmTC_0cf1b.dir/build.make CMakeFiles/cmTC_0cf1b.dir/build
make[1]: Entering directory '/rnd/bitbucket/linux-stm32-spi-i2c/stm32-i2c-spi/build-stm32/CMakeFiles/CMakeTmp'
Building CXX object CMakeFiles/cmTC_0cf1b.dir/feature_tests.cxx.obj
/opt/toolchains/gcc-arm-none-eabi-7-2017-q4-major/bin/arm-none-eabi-g++    -mthumb -mcpu=cortex-m3 -mlittle-endian -mthumb-interwork  -lm -lc -lnosys --specs=nosys.specs     -std=c++14 -o CMakeFiles/cmTC_0cf1b.dir/feature_tests.cxx.obj -c /rnd/bitbucket/linux-stm32-spi-i2c/stm32-i2c-spi/build-stm32/CMakeFiles/feature_tests.cxx
Linking CXX executable cmTC_0cf1b
/usr/bin/cmake -E cmake_link_script CMakeFiles/cmTC_0cf1b.dir/link.txt --verbose=1
/opt/toolchains/gcc-arm-none-eabi-7-2017-q4-major/bin/arm-none-eabi-g++  -mthumb -mcpu=cortex-m3 -mlittle-endian -mthumb-interwork  -lm -lc -lnosys --specs=nosys.specs    -mthumb -mcpu=cortex-m3 -mlittle-endian -mthumb-interwork  -Wl,-Map=linker.map -Wl,-cref -Wl,--gc-sections  CMakeFiles/cmTC_0cf1b.dir/feature_tests.cxx.obj  -o cmTC_0cf1b 
make[1]: Leaving directory '/rnd/bitbucket/linux-stm32-spi-i2c/stm32-i2c-spi/build-stm32/CMakeFiles/CMakeTmp'


    Feature record: CXX_FEATURE:1cxx_aggregate_default_initializers
    Feature record: CXX_FEATURE:1cxx_alias_templates
    Feature record: CXX_FEATURE:1cxx_alignas
    Feature record: CXX_FEATURE:1cxx_alignof
    Feature record: CXX_FEATURE:1cxx_attributes
    Feature record: CXX_FEATURE:1cxx_attribute_deprecated
    Feature record: CXX_FEATURE:1cxx_auto_type
    Feature record: CXX_FEATURE:1cxx_binary_literals
    Feature record: CXX_FEATURE:1cxx_constexpr
    Feature record: CXX_FEATURE:1cxx_contextual_conversions
    Feature record: CXX_FEATURE:1cxx_decltype
    Feature record: CXX_FEATURE:1cxx_decltype_auto
    Feature record: CXX_FEATURE:1cxx_decltype_incomplete_return_types
    Feature record: CXX_FEATURE:1cxx_default_function_template_args
    Feature record: CXX_FEATURE:1cxx_defaulted_functions
    Feature record: CXX_FEATURE:1cxx_defaulted_move_initializers
    Feature record: CXX_FEATURE:1cxx_delegating_constructors
    Feature record: CXX_FEATURE:1cxx_deleted_functions
    Feature record: CXX_FEATURE:1cxx_digit_separators
    Feature record: CXX_FEATURE:1cxx_enum_forward_declarations
    Feature record: CXX_FEATURE:1cxx_explicit_conversions
    Feature record: CXX_FEATURE:1cxx_extended_friend_declarations
    Feature record: CXX_FEATURE:1cxx_extern_templates
    Feature record: CXX_FEATURE:1cxx_final
    Feature record: CXX_FEATURE:1cxx_func_identifier
    Feature record: CXX_FEATURE:1cxx_generalized_initializers
    Feature record: CXX_FEATURE:1cxx_generic_lambdas
    Feature record: CXX_FEATURE:1cxx_inheriting_constructors
    Feature record: CXX_FEATURE:1cxx_inline_namespaces
    Feature record: CXX_FEATURE:1cxx_lambdas
    Feature record: CXX_FEATURE:1cxx_lambda_init_captures
    Feature record: CXX_FEATURE:1cxx_local_type_template_args
    Feature record: CXX_FEATURE:1cxx_long_long_type
    Feature record: CXX_FEATURE:1cxx_noexcept
    Feature record: CXX_FEATURE:1cxx_nonstatic_member_init
    Feature record: CXX_FEATURE:1cxx_nullptr
    Feature record: CXX_FEATURE:1cxx_override
    Feature record: CXX_FEATURE:1cxx_range_for
    Feature record: CXX_FEATURE:1cxx_raw_string_literals
    Feature record: CXX_FEATURE:1cxx_reference_qualified_functions
    Feature record: CXX_FEATURE:1cxx_relaxed_constexpr
    Feature record: CXX_FEATURE:1cxx_return_type_deduction
    Feature record: CXX_FEATURE:1cxx_right_angle_brackets
    Feature record: CXX_FEATURE:1cxx_rvalue_references
    Feature record: CXX_FEATURE:1cxx_sizeof_member
    Feature record: CXX_FEATURE:1cxx_static_assert
    Feature record: CXX_FEATURE:1cxx_strong_enums
    Feature record: CXX_FEATURE:1cxx_template_template_parameters
    Feature record: CXX_FEATURE:1cxx_thread_local
    Feature record: CXX_FEATURE:1cxx_trailing_return_types
    Feature record: CXX_FEATURE:1cxx_unicode_literals
    Feature record: CXX_FEATURE:1cxx_uniform_initialization
    Feature record: CXX_FEATURE:1cxx_unrestricted_unions
    Feature record: CXX_FEATURE:1cxx_user_literals
    Feature record: CXX_FEATURE:1cxx_variable_templates
    Feature record: CXX_FEATURE:1cxx_variadic_macros
    Feature record: CXX_FEATURE:1cxx_variadic_templates


Detecting CXX [-std=c++11] compiler features compiled with the following output:
Change Dir: /rnd/bitbucket/linux-stm32-spi-i2c/stm32-i2c-spi/build-stm32/CMakeFiles/CMakeTmp

Run Build Command:"/usr/bin/make" "cmTC_a6ff7/fast"
/usr/bin/make -f CMakeFiles/cmTC_a6ff7.dir/build.make CMakeFiles/cmTC_a6ff7.dir/build
make[1]: Entering directory '/rnd/bitbucket/linux-stm32-spi-i2c/stm32-i2c-spi/build-stm32/CMakeFiles/CMakeTmp'
Building CXX object CMakeFiles/cmTC_a6ff7.dir/feature_tests.cxx.obj
/opt/toolchains/gcc-arm-none-eabi-7-2017-q4-major/bin/arm-none-eabi-g++    -mthumb -mcpu=cortex-m3 -mlittle-endian -mthumb-interwork  -lm -lc -lnosys --specs=nosys.specs     -std=c++11 -o CMakeFiles/cmTC_a6ff7.dir/feature_tests.cxx.obj -c /rnd/bitbucket/linux-stm32-spi-i2c/stm32-i2c-spi/build-stm32/CMakeFiles/feature_tests.cxx
Linking CXX executable cmTC_a6ff7
/usr/bin/cmake -E cmake_link_script CMakeFiles/cmTC_a6ff7.dir/link.txt --verbose=1
/opt/toolchains/gcc-arm-none-eabi-7-2017-q4-major/bin/arm-none-eabi-g++  -mthumb -mcpu=cortex-m3 -mlittle-endian -mthumb-interwork  -lm -lc -lnosys --specs=nosys.specs    -mthumb -mcpu=cortex-m3 -mlittle-endian -mthumb-interwork  -Wl,-Map=linker.map -Wl,-cref -Wl,--gc-sections  CMakeFiles/cmTC_a6ff7.dir/feature_tests.cxx.obj  -o cmTC_a6ff7 
make[1]: Leaving directory '/rnd/bitbucket/linux-stm32-spi-i2c/stm32-i2c-spi/build-stm32/CMakeFiles/CMakeTmp'


    Feature record: CXX_FEATURE:0cxx_aggregate_default_initializers
    Feature record: CXX_FEATURE:1cxx_alias_templates
    Feature record: CXX_FEATURE:1cxx_alignas
    Feature record: CXX_FEATURE:1cxx_alignof
    Feature record: CXX_FEATURE:1cxx_attributes
    Feature record: CXX_FEATURE:0cxx_attribute_deprecated
    Feature record: CXX_FEATURE:1cxx_auto_type
    Feature record: CXX_FEATURE:0cxx_binary_literals
    Feature record: CXX_FEATURE:1cxx_constexpr
    Feature record: CXX_FEATURE:0cxx_contextual_conversions
    Feature record: CXX_FEATURE:1cxx_decltype
    Feature record: CXX_FEATURE:0cxx_decltype_auto
    Feature record: CXX_FEATURE:1cxx_decltype_incomplete_return_types
    Feature record: CXX_FEATURE:1cxx_default_function_template_args
    Feature record: CXX_FEATURE:1cxx_defaulted_functions
    Feature record: CXX_FEATURE:1cxx_defaulted_move_initializers
    Feature record: CXX_FEATURE:1cxx_delegating_constructors
    Feature record: CXX_FEATURE:1cxx_deleted_functions
    Feature record: CXX_FEATURE:0cxx_digit_separators
    Feature record: CXX_FEATURE:1cxx_enum_forward_declarations
    Feature record: CXX_FEATURE:1cxx_explicit_conversions
    Feature record: CXX_FEATURE:1cxx_extended_friend_declarations
    Feature record: CXX_FEATURE:1cxx_extern_templates
    Feature record: CXX_FEATURE:1cxx_final
    Feature record: CXX_FEATURE:1cxx_func_identifier
    Feature record: CXX_FEATURE:1cxx_generalized_initializers
    Feature record: CXX_FEATURE:0cxx_generic_lambdas
    Feature record: CXX_FEATURE:1cxx_inheriting_constructors
    Feature record: CXX_FEATURE:1cxx_inline_namespaces
    Feature record: CXX_FEATURE:1cxx_lambdas
    Feature record: CXX_FEATURE:0cxx_lambda_init_captures
    Feature record: CXX_FEATURE:1cxx_local_type_template_args
    Feature record: CXX_FEATURE:1cxx_long_long_type
    Feature record: CXX_FEATURE:1cxx_noexcept
    Feature record: CXX_FEATURE:1cxx_nonstatic_member_init
    Feature record: CXX_FEATURE:1cxx_nullptr
    Feature record: CXX_FEATURE:1cxx_override
    Feature record: CXX_FEATURE:1cxx_range_for
    Feature record: CXX_FEATURE:1cxx_raw_string_literals
    Feature record: CXX_FEATURE:1cxx_reference_qualified_functions
    Feature record: CXX_FEATURE:0cxx_relaxed_constexpr
    Feature record: CXX_FEATURE:0cxx_return_type_deduction
    Feature record: CXX_FEATURE:1cxx_right_angle_brackets
    Feature record: CXX_FEATURE:1cxx_rvalue_references
    Feature record: CXX_FEATURE:1cxx_sizeof_member
    Feature record: CXX_FEATURE:1cxx_static_assert
    Feature record: CXX_FEATURE:1cxx_strong_enums
    Feature record: CXX_FEATURE:1cxx_template_template_parameters
    Feature record: CXX_FEATURE:1cxx_thread_local
    Feature record: CXX_FEATURE:1cxx_trailing_return_types
    Feature record: CXX_FEATURE:1cxx_unicode_literals
    Feature record: CXX_FEATURE:1cxx_uniform_initialization
    Feature record: CXX_FEATURE:1cxx_unrestricted_unions
    Feature record: CXX_FEATURE:1cxx_user_literals
    Feature record: CXX_FEATURE:0cxx_variable_templates
    Feature record: CXX_FEATURE:1cxx_variadic_macros
    Feature record: CXX_FEATURE:1cxx_variadic_templates


Detecting CXX [-std=c++98] compiler features compiled with the following output:
Change Dir: /rnd/bitbucket/linux-stm32-spi-i2c/stm32-i2c-spi/build-stm32/CMakeFiles/CMakeTmp

Run Build Command:"/usr/bin/make" "cmTC_822c4/fast"
/usr/bin/make -f CMakeFiles/cmTC_822c4.dir/build.make CMakeFiles/cmTC_822c4.dir/build
make[1]: Entering directory '/rnd/bitbucket/linux-stm32-spi-i2c/stm32-i2c-spi/build-stm32/CMakeFiles/CMakeTmp'
Building CXX object CMakeFiles/cmTC_822c4.dir/feature_tests.cxx.obj
/opt/toolchains/gcc-arm-none-eabi-7-2017-q4-major/bin/arm-none-eabi-g++    -mthumb -mcpu=cortex-m3 -mlittle-endian -mthumb-interwork  -lm -lc -lnosys --specs=nosys.specs     -std=c++98 -o CMakeFiles/cmTC_822c4.dir/feature_tests.cxx.obj -c /rnd/bitbucket/linux-stm32-spi-i2c/stm32-i2c-spi/build-stm32/CMakeFiles/feature_tests.cxx
Linking CXX executable cmTC_822c4
/usr/bin/cmake -E cmake_link_script CMakeFiles/cmTC_822c4.dir/link.txt --verbose=1
/opt/toolchains/gcc-arm-none-eabi-7-2017-q4-major/bin/arm-none-eabi-g++  -mthumb -mcpu=cortex-m3 -mlittle-endian -mthumb-interwork  -lm -lc -lnosys --specs=nosys.specs    -mthumb -mcpu=cortex-m3 -mlittle-endian -mthumb-interwork  -Wl,-Map=linker.map -Wl,-cref -Wl,--gc-sections  CMakeFiles/cmTC_822c4.dir/feature_tests.cxx.obj  -o cmTC_822c4 
make[1]: Leaving directory '/rnd/bitbucket/linux-stm32-spi-i2c/stm32-i2c-spi/build-stm32/CMakeFiles/CMakeTmp'


    Feature record: CXX_FEATURE:0cxx_aggregate_default_initializers
    Feature record: CXX_FEATURE:0cxx_alias_templates
    Feature record: CXX_FEATURE:0cxx_alignas
    Feature record: CXX_FEATURE:0cxx_alignof
    Feature record: CXX_FEATURE:0cxx_attributes
    Feature record: CXX_FEATURE:0cxx_attribute_deprecated
    Feature record: CXX_FEATURE:0cxx_auto_type
    Feature record: CXX_FEATURE:0cxx_binary_literals
    Feature record: CXX_FEATURE:0cxx_constexpr
    Feature record: CXX_FEATURE:0cxx_contextual_conversions
    Feature record: CXX_FEATURE:0cxx_decltype
    Feature record: CXX_FEATURE:0cxx_decltype_auto
    Feature record: CXX_FEATURE:0cxx_decltype_incomplete_return_types
    Feature record: CXX_FEATURE:0cxx_default_function_template_args
    Feature record: CXX_FEATURE:0cxx_defaulted_functions
    Feature record: CXX_FEATURE:0cxx_defaulted_move_initializers
    Feature record: CXX_FEATURE:0cxx_delegating_constructors
    Feature record: CXX_FEATURE:0cxx_deleted_functions
    Feature record: CXX_FEATURE:0cxx_digit_separators
    Feature record: CXX_FEATURE:0cxx_enum_forward_declarations
    Feature record: CXX_FEATURE:0cxx_explicit_conversions
    Feature record: CXX_FEATURE:0cxx_extended_friend_declarations
    Feature record: CXX_FEATURE:0cxx_extern_templates
    Feature record: CXX_FEATURE:0cxx_final
    Feature record: CXX_FEATURE:0cxx_func_identifier
    Feature record: CXX_FEATURE:0cxx_generalized_initializers
    Feature record: CXX_FEATURE:0cxx_generic_lambdas
    Feature record: CXX_FEATURE:0cxx_inheriting_constructors
    Feature record: CXX_FEATURE:0cxx_inline_namespaces
    Feature record: CXX_FEATURE:0cxx_lambdas
    Feature record: CXX_FEATURE:0cxx_lambda_init_captures
    Feature record: CXX_FEATURE:0cxx_local_type_template_args
    Feature record: CXX_FEATURE:0cxx_long_long_type
    Feature record: CXX_FEATURE:0cxx_noexcept
    Feature record: CXX_FEATURE:0cxx_nonstatic_member_init
    Feature record: CXX_FEATURE:0cxx_nullptr
    Feature record: CXX_FEATURE:0cxx_override
    Feature record: CXX_FEATURE:0cxx_range_for
    Feature record: CXX_FEATURE:0cxx_raw_string_literals
    Feature record: CXX_FEATURE:0cxx_reference_qualified_functions
    Feature record: CXX_FEATURE:0cxx_relaxed_constexpr
    Feature record: CXX_FEATURE:0cxx_return_type_deduction
    Feature record: CXX_FEATURE:0cxx_right_angle_brackets
    Feature record: CXX_FEATURE:0cxx_rvalue_references
    Feature record: CXX_FEATURE:0cxx_sizeof_member
    Feature record: CXX_FEATURE:0cxx_static_assert
    Feature record: CXX_FEATURE:0cxx_strong_enums
    Feature record: CXX_FEATURE:1cxx_template_template_parameters
    Feature record: CXX_FEATURE:0cxx_thread_local
    Feature record: CXX_FEATURE:0cxx_trailing_return_types
    Feature record: CXX_FEATURE:0cxx_unicode_literals
    Feature record: CXX_FEATURE:0cxx_uniform_initialization
    Feature record: CXX_FEATURE:0cxx_unrestricted_unions
    Feature record: CXX_FEATURE:0cxx_user_literals
    Feature record: CXX_FEATURE:0cxx_variable_templates
    Feature record: CXX_FEATURE:0cxx_variadic_macros
    Feature record: CXX_FEATURE:0cxx_variadic_templates
Checking whether the ASM compiler is GNU using "--version" matched "(GNU assembler)|(GCC)|(Free Software Foundation)":
GNU assembler (GNU Tools for Arm Embedded Processors 7-2017-q4-major) 2.29.51.20171128
Copyright (C) 2017 Free Software Foundation, Inc.
This program is free software; you may redistribute it under the terms of
the GNU General Public License version 3 or later.
This program has absolutely no warranty.
This assembler was configured for a target of `arm-none-eabi'.
